<?xml version="1.0" encoding="UTF-8"?>
<!--
  #%L
  Terminfindung
  %%
  Copyright (C) 2015 - 2016 Bundesverwaltungsamt (BVA), msg systems ag
  %%
  Licensed under the Apache License, Version 2.0 (the "License");
  you may not use this file except in compliance with the License.
  You may obtain a copy of the License at
  
       http://www.apache.org/licenses/LICENSE-2.0
  
  Unless required by applicable law or agreed to in writing, software
  distributed under the License is distributed on an "AS IS" BASIS,
  WITHOUT WARRANTIES OR CONDITIONS OF ANY KIND, either express or implied.
  See the License for the specific language governing permissions and
  limitations under the License.
  #L%
  -->

<beans xmlns="http://www.springframework.org/schema/beans"
       xmlns:xsi="http://www.w3.org/2001/XMLSchema-instance"
       xmlns:context="http://www.springframework.org/schema/context"
       xsi:schemaLocation="http://www.springframework.org/schema/beans
		http://www.springframework.org/schema/beans/spring-beans-4.1.xsd
        http://www.springframework.org/schema/context
	    http://www.springframework.org/schema/context/spring-context-4.1.xsd">

    <import resource="persistence/dao.xml"/>

    <context:property-placeholder location="classpath:config/jpa.properties"/>

    <bean id="dataSource" class="org.h2.jdbcx.JdbcDataSource" primary="true">
        <property name="URL" value="${database.url}"/>
        <property name="user" value="${database.user}"/>
        <property name="password" value="${database.password}"/>
    </bean>

    <bean id="entityManagerFactory"
          class="org.springframework.orm.jpa.LocalContainerEntityManagerFactoryBean">
        <property name="persistenceProviderClass" value="org.hibernate.ejb.HibernatePersistence"/>
        <property name="persistenceUnitName" value="hibernatePersistence"/>
        <property name="dataSource" ref="dataSource"/>
        <property name="jpaDialect">
            <bean class="org.springframework.orm.jpa.vendor.HibernateJpaDialect"/>
        </property>
        <property name="jpaVendorAdapter">
            <bean class="org.springframework.orm.jpa.vendor.HibernateJpaVendorAdapter">
                <property name="generateDdl" value="true"/>
                <property name="database" value="H2"/>
            </bean>
        </property>
    </bean>
</beans>