<?xml version="1.0" encoding="UTF-8"?>
<beans xmlns="http://www.springframework.org/schema/beans"
       xmlns:xsi="http://www.w3.org/2001/XMLSchema-instance"
       xsi:schemaLocation="http://www.springframework.org/schema/beans
		                   http://www.springframework.org/schema/beans/spring-beans-4.1.xsd">

    <!-- Import aller benötigten Funktionalität aus dem Querschnitt -->
    <import resource="querschnitt/nachrichten.xml" />

    <!-- Weitere Beans werden nicht benötigt, weil DAOs gemockt und die Services in den Tests konstruiert werden -->
</beans>