<?xml version="1.0" encoding="UTF-8"?>
<beans xmlns="http://www.springframework.org/schema/beans"
       xmlns:xsi="http://www.w3.org/2001/XMLSchema-instance"
       xmlns:context="http://www.springframework.org/schema/context"
       xsi:schemaLocation="http://www.springframework.org/schema/beans
		http://www.springframework.org/schema/beans/spring-beans-4.1.xsd
        http://www.springframework.org/schema/context
	    http://www.springframework.org/schema/context/spring-context-4.1.xsd">

    <import resource="persistence/dao.xml"/>

    <context:property-placeholder location="classpath:config/jpa.properties"/>

    <bean id="dataSource" class="org.h2.jdbcx.JdbcDataSource" primary="true">
        <property name="URL" value="${database.url}"/>
        <property name="user" value="${database.user}"/>
        <property name="password" value="${database.password}"/>
    </bean>

    <bean id="entityManagerFactory"
          class="org.springframework.orm.jpa.LocalContainerEntityManagerFactoryBean">
        <property name="persistenceXmlLocation" value="classpath*:META-INF/persistence.xml"/>
        <property name="persistenceUnitName" value="defaultPU"/>
        <property name="dataSource" ref="dataSource"/>
        <property name="jpaVendorAdapter">
            <bean class="org.springframework.orm.jpa.vendor.HibernateJpaVendorAdapter">
                <property name="generateDdl" value="true"/>
                <property name="database" value="H2"/>
            </bean>
        </property>
    </bean>
</beans>